<?xml version="1.0" encoding="UTF-8"?>
<!-- Generated by org.testng.reporters.JUnitReportReporter -->
<testsuite skipped="0" hostname="LAPTOP-NEL8F78E" name="com.experitest.bmoPOC1.EriBankTest" tests="1" failures="0" timestamp="2020-05-01T17:19:11 IST" time="84.025" errors="0">
  <testcase name="quickStartiOSNativeDemo" time="84.025" classname="com.experitest.bmoPOC1.EriBankTest"/>
  <system-out/>
</testsuite> <!-- com.experitest.bmoPOC1.EriBankTest -->
